[2026-01-13T15:56:21.917+0000] {taskinstance.py:1956} INFO - Dependencies all met for dep_context=non-requeueable deps ti=<TaskInstance: movielens_etl.load_to_db scheduled__2026-01-12T00:00:00+00:00 [queued]>
[2026-01-13T15:56:21.946+0000] {taskinstance.py:1956} INFO - Dependencies all met for dep_context=requeueable deps ti=<TaskInstance: movielens_etl.load_to_db scheduled__2026-01-12T00:00:00+00:00 [queued]>
[2026-01-13T15:56:21.948+0000] {taskinstance.py:2170} INFO - Starting attempt 3 of 3
[2026-01-13T15:56:22.190+0000] {taskinstance.py:2191} INFO - Executing <Task(BashOperator): load_to_db> on 2026-01-12 00:00:00+00:00
[2026-01-13T15:56:22.200+0000] {standard_task_runner.py:60} INFO - Started process 608 to run task
[2026-01-13T15:56:22.280+0000] {standard_task_runner.py:87} INFO - Running: ['***', 'tasks', 'run', 'movielens_etl', 'load_to_db', 'scheduled__2026-01-12T00:00:00+00:00', '--job-id', '9', '--raw', '--subdir', 'DAGS_FOLDER/movie_pipeline.py', '--cfg-path', '/tmp/tmpw1keirvz']
[2026-01-13T15:56:22.300+0000] {standard_task_runner.py:88} INFO - Job 9: Subtask load_to_db
[2026-01-13T15:56:22.720+0000] {task_command.py:423} INFO - Running <TaskInstance: movielens_etl.load_to_db scheduled__2026-01-12T00:00:00+00:00 [running]> on host 01c9e627cfbb
[2026-01-13T15:56:23.265+0000] {taskinstance.py:2480} INFO - Exporting env vars: AIRFLOW_CTX_DAG_OWNER='***' AIRFLOW_CTX_DAG_ID='movielens_etl' AIRFLOW_CTX_TASK_ID='load_to_db' AIRFLOW_CTX_EXECUTION_DATE='2026-01-12T00:00:00+00:00' AIRFLOW_CTX_TRY_NUMBER='3' AIRFLOW_CTX_DAG_RUN_ID='scheduled__2026-01-12T00:00:00+00:00'
[2026-01-13T15:56:23.291+0000] {subprocess.py:63} INFO - Tmp dir root location: /tmp
[2026-01-13T15:56:23.293+0000] {subprocess.py:75} INFO - Running command: ['/usr/bin/bash', '-c', 'python /opt/***/scripts/load_to_db.py']
[2026-01-13T15:56:23.472+0000] {subprocess.py:86} INFO - Output:
[2026-01-13T16:05:39.542+0000] {subprocess.py:93} INFO - Traceback (most recent call last):
[2026-01-13T16:05:39.557+0000] {subprocess.py:93} INFO -   File "/opt/***/scripts/load_to_db.py", line 86, in <module>
[2026-01-13T16:05:39.559+0000] {subprocess.py:93} INFO -     chunk.to_sql(
[2026-01-13T16:05:39.567+0000] {subprocess.py:93} INFO -   File "/home/***/.local/lib/python3.8/site-packages/pandas/core/generic.py", line 2878, in to_sql
[2026-01-13T16:05:39.569+0000] {subprocess.py:93} INFO -   File "/home/***/.local/lib/python3.8/site-packages/pandas/io/sql.py", line 769, in to_sql
[2026-01-13T16:05:39.576+0000] {subprocess.py:93} INFO -   File "/home/***/.local/lib/python3.8/site-packages/pandas/io/sql.py", line 1548, in __exit__
[2026-01-13T16:05:39.595+0000] {subprocess.py:93} INFO -   File "/usr/local/lib/python3.8/contextlib.py", line 533, in close
[2026-01-13T16:05:39.597+0000] {subprocess.py:93} INFO -   File "/usr/local/lib/python3.8/contextlib.py", line 525, in __exit__
[2026-01-13T16:05:39.599+0000] {subprocess.py:93} INFO -   File "/usr/local/lib/python3.8/contextlib.py", line 510, in __exit__
[2026-01-13T16:05:39.605+0000] {subprocess.py:93} INFO -   File "/home/***/.local/lib/python3.8/site-packages/sqlalchemy/engine/util.py", line 237, in __exit__
[2026-01-13T16:05:39.608+0000] {subprocess.py:93} INFO -   File "/home/***/.local/lib/python3.8/site-packages/sqlalchemy/util/langhelpers.py", line 70, in __exit__
[2026-01-13T16:05:39.613+0000] {subprocess.py:93} INFO -   File "/home/***/.local/lib/python3.8/site-packages/sqlalchemy/util/compat.py", line 211, in raise_
[2026-01-13T16:05:39.615+0000] {subprocess.py:93} INFO -   File "/home/***/.local/lib/python3.8/site-packages/sqlalchemy/engine/util.py", line 233, in __exit__
[2026-01-13T16:05:39.618+0000] {subprocess.py:93} INFO -   File "/home/***/.local/lib/python3.8/site-packages/sqlalchemy/engine/base.py", line 2469, in commit
[2026-01-13T16:05:39.627+0000] {subprocess.py:93} INFO -   File "/home/***/.local/lib/python3.8/site-packages/sqlalchemy/engine/base.py", line 2659, in _do_commit
[2026-01-13T16:05:39.630+0000] {subprocess.py:93} INFO -   File "/home/***/.local/lib/python3.8/site-packages/sqlalchemy/engine/base.py", line 2630, in _connection_commit_impl
[2026-01-13T16:05:39.632+0000] {subprocess.py:93} INFO -   File "/home/***/.local/lib/python3.8/site-packages/sqlalchemy/engine/base.py", line 1096, in _commit_impl
[2026-01-13T16:05:39.634+0000] {subprocess.py:93} INFO -   File "/home/***/.local/lib/python3.8/site-packages/sqlalchemy/engine/base.py", line 2138, in _handle_dbapi_exception
[2026-01-13T16:05:39.638+0000] {subprocess.py:93} INFO -   File "/home/***/.local/lib/python3.8/site-packages/sqlalchemy/util/compat.py", line 211, in raise_
[2026-01-13T16:05:39.640+0000] {subprocess.py:93} INFO -   File "/home/***/.local/lib/python3.8/site-packages/sqlalchemy/engine/base.py", line 1094, in _commit_impl
[2026-01-13T16:05:39.647+0000] {subprocess.py:93} INFO -   File "/home/***/.local/lib/python3.8/site-packages/sqlalchemy/engine/base.py", line 537, in connection
[2026-01-13T16:05:39.650+0000] {subprocess.py:93} INFO -   File "/home/***/.local/lib/python3.8/site-packages/sqlalchemy/engine/base.py", line 650, in _revalidate_connection
[2026-01-13T16:05:39.683+0000] {subprocess.py:93} INFO -   File "/home/***/.local/lib/python3.8/site-packages/sqlalchemy/engine/base.py", line 622, in _invalid_transaction
[2026-01-13T16:05:39.687+0000] {subprocess.py:93} INFO - sqlalchemy.exc.PendingRollbackError: Can't reconnect until invalid transaction is rolled back. (Background on this error at: https://sqlalche.me/e/14/8s2b)
[2026-01-13T16:05:40.871+0000] {subprocess.py:97} INFO - Command exited with return code 1
[2026-01-13T16:05:40.885+0000] {taskinstance.py:2698} ERROR - Task failed with exception
Traceback (most recent call last):
  File "/home/airflow/.local/lib/python3.8/site-packages/airflow/models/taskinstance.py", line 433, in _execute_task
    result = execute_callable(context=context, **execute_callable_kwargs)
  File "/home/airflow/.local/lib/python3.8/site-packages/airflow/operators/bash.py", line 203, in execute
  File "/home/airflow/.local/lib/python3.8/site-packages/airflow/hooks/subprocess.py", line 98, in run_command
  File "/usr/local/lib/python3.8/contextlib.py", line 525, in __exit__
  File "/usr/local/lib/python3.8/contextlib.py", line 510, in __exit__
  File "/usr/local/lib/python3.8/tempfile.py", line 827, in __exit__
  File "/usr/local/lib/python3.8/tempfile.py", line 831, in cleanup
  File "/usr/local/lib/python3.8/tempfile.py", line 813, in _rmtree
  File "/usr/local/lib/python3.8/shutil.py", line 722, in rmtree
  File "/usr/local/lib/python3.8/shutil.py", line 720, in rmtree
OSError: [Errno 5] Input/output error: '/tmp/airflowtmpx2s8dq14'
[2026-01-13T16:05:50.168+0000] {job.py:213} ERROR - Job heartbeat got an exception
Traceback (most recent call last):
  File "/home/airflow/.local/lib/python3.8/site-packages/sqlalchemy/engine/base.py", line 1094, in _commit_impl
  File "/home/airflow/.local/lib/python3.8/site-packages/sqlalchemy/engine/default.py", line 686, in do_commit
psycopg2.OperationalError: server closed the connection unexpectedly
	This probably means the server terminated abnormally
	before or while processing the request.


The above exception was the direct cause of the following exception:

Traceback (most recent call last):
  File "/home/airflow/.local/lib/python3.8/site-packages/airflow/jobs/job.py", line 202, in heartbeat
  File "/home/airflow/.local/lib/python3.8/site-packages/airflow/api_internal/internal_api_call.py", line 114, in wrapper
  File "/home/airflow/.local/lib/python3.8/site-packages/airflow/utils/session.py", line 76, in wrapper
  File "/home/airflow/.local/lib/python3.8/site-packages/airflow/jobs/job.py", line 351, in _update_heartbeat
  File "/home/airflow/.local/lib/python3.8/site-packages/sqlalchemy/orm/session.py", line 1454, in commit
  File "/home/airflow/.local/lib/python3.8/site-packages/sqlalchemy/orm/session.py", line 839, in commit
  File "/home/airflow/.local/lib/python3.8/site-packages/sqlalchemy/engine/base.py", line 2469, in commit
  File "/home/airflow/.local/lib/python3.8/site-packages/sqlalchemy/engine/base.py", line 2659, in _do_commit
  File "/home/airflow/.local/lib/python3.8/site-packages/sqlalchemy/engine/base.py", line 2630, in _connection_commit_impl
  File "/home/airflow/.local/lib/python3.8/site-packages/sqlalchemy/engine/base.py", line 1096, in _commit_impl
  File "/home/airflow/.local/lib/python3.8/site-packages/sqlalchemy/engine/base.py", line 2134, in _handle_dbapi_exception
  File "/home/airflow/.local/lib/python3.8/site-packages/sqlalchemy/util/compat.py", line 211, in raise_
  File "/home/airflow/.local/lib/python3.8/site-packages/sqlalchemy/engine/base.py", line 1094, in _commit_impl
  File "/home/airflow/.local/lib/python3.8/site-packages/sqlalchemy/engine/default.py", line 686, in do_commit
sqlalchemy.exc.OperationalError: (psycopg2.OperationalError) server closed the connection unexpectedly
	This probably means the server terminated abnormally
	before or while processing the request.

(Background on this error at: https://sqlalche.me/e/14/e3q8)
[2026-01-13T16:05:50.270+0000] {job.py:221} ERROR - Job heartbeat failed with error. Scheduler is in unhealthy state
[2026-01-13T16:05:50.601+0000] {process_utils.py:131} INFO - Sending 15 to group 608. PIDs of all processes in the group: [608]
[2026-01-13T16:05:50.621+0000] {process_utils.py:86} INFO - Sending the signal 15 to group 608
[2026-01-13T16:05:50.917+0000] {taskinstance.py:2450} ERROR - Received SIGTERM. Terminating subprocesses.
[2026-01-13T16:05:50.919+0000] {subprocess.py:104} INFO - Sending SIGTERM signal to process group
[2026-01-13T16:05:50.924+0000] {standard_task_runner.py:107} ERROR - Failed to execute job 9 for task load_to_db ([Errno 3] No such process; 608)
[2026-01-13T16:05:50.964+0000] {process_utils.py:79} INFO - Process psutil.Process(pid=608, status='terminated', exitcode=1, started='15:56:21') (608) terminated with exit code 1
