[2026-01-13T15:23:23.932+0000] {taskinstance.py:1956} INFO - Dependencies all met for dep_context=non-requeueable deps ti=<TaskInstance: movielens_etl.load_to_db scheduled__2026-01-12T00:00:00+00:00 [queued]>
[2026-01-13T15:23:23.963+0000] {taskinstance.py:1956} INFO - Dependencies all met for dep_context=requeueable deps ti=<TaskInstance: movielens_etl.load_to_db scheduled__2026-01-12T00:00:00+00:00 [queued]>
[2026-01-13T15:23:23.964+0000] {taskinstance.py:2170} INFO - Starting attempt 1 of 1
[2026-01-13T15:23:24.117+0000] {taskinstance.py:2191} INFO - Executing <Task(BashOperator): load_to_db> on 2026-01-12 00:00:00+00:00
[2026-01-13T15:23:24.159+0000] {standard_task_runner.py:60} INFO - Started process 277 to run task
[2026-01-13T15:23:24.188+0000] {standard_task_runner.py:87} INFO - Running: ['***', 'tasks', 'run', 'movielens_etl', 'load_to_db', 'scheduled__2026-01-12T00:00:00+00:00', '--job-id', '7', '--raw', '--subdir', 'DAGS_FOLDER/movie_pipeline.py', '--cfg-path', '/tmp/tmp9pf03u2c']
[2026-01-13T15:23:24.199+0000] {standard_task_runner.py:88} INFO - Job 7: Subtask load_to_db
[2026-01-13T15:23:24.878+0000] {task_command.py:423} INFO - Running <TaskInstance: movielens_etl.load_to_db scheduled__2026-01-12T00:00:00+00:00 [running]> on host 01c9e627cfbb
[2026-01-13T15:23:26.069+0000] {taskinstance.py:2480} INFO - Exporting env vars: AIRFLOW_CTX_DAG_OWNER='***' AIRFLOW_CTX_DAG_ID='movielens_etl' AIRFLOW_CTX_TASK_ID='load_to_db' AIRFLOW_CTX_EXECUTION_DATE='2026-01-12T00:00:00+00:00' AIRFLOW_CTX_TRY_NUMBER='1' AIRFLOW_CTX_DAG_RUN_ID='scheduled__2026-01-12T00:00:00+00:00'
[2026-01-13T15:23:26.208+0000] {subprocess.py:63} INFO - Tmp dir root location: /tmp
[2026-01-13T15:23:26.339+0000] {subprocess.py:75} INFO - Running command: ['/usr/bin/bash', '-c', 'python /opt/***/scripts/load_to_db.py']
[2026-01-13T15:23:26.372+0000] {subprocess.py:86} INFO - Output:
[2026-01-13T15:23:34.092+0000] {subprocess.py:93} INFO - Traceback (most recent call last):
[2026-01-13T15:23:34.093+0000] {subprocess.py:93} INFO -   File "/opt/***/scripts/load_to_db.py", line 39, in <module>
[2026-01-13T15:23:34.094+0000] {subprocess.py:93} INFO -     for chunk in pd.read_csv(movies_csv_path, chunksize=chunksize):
[2026-01-13T15:23:34.095+0000] {subprocess.py:93} INFO -   File "/home/***/.local/lib/python3.8/site-packages/pandas/io/parsers/readers.py", line 912, in read_csv
[2026-01-13T15:23:34.096+0000] {subprocess.py:93} INFO -     return _read(filepath_or_buffer, kwds)
[2026-01-13T15:23:34.097+0000] {subprocess.py:93} INFO -   File "/home/***/.local/lib/python3.8/site-packages/pandas/io/parsers/readers.py", line 577, in _read
[2026-01-13T15:23:34.098+0000] {subprocess.py:93} INFO -     parser = TextFileReader(filepath_or_buffer, **kwds)
[2026-01-13T15:23:34.098+0000] {subprocess.py:93} INFO -   File "/home/***/.local/lib/python3.8/site-packages/pandas/io/parsers/readers.py", line 1407, in __init__
[2026-01-13T15:23:34.100+0000] {subprocess.py:93} INFO -     self._engine = self._make_engine(f, self.engine)
[2026-01-13T15:23:34.101+0000] {subprocess.py:93} INFO -   File "/home/***/.local/lib/python3.8/site-packages/pandas/io/parsers/readers.py", line 1661, in _make_engine
[2026-01-13T15:23:34.102+0000] {subprocess.py:93} INFO -     self.handles = get_handle(
[2026-01-13T15:23:34.103+0000] {subprocess.py:93} INFO -   File "/home/***/.local/lib/python3.8/site-packages/pandas/io/common.py", line 859, in get_handle
[2026-01-13T15:23:34.107+0000] {subprocess.py:93} INFO -     handle = open(
[2026-01-13T15:23:34.108+0000] {subprocess.py:93} INFO - FileNotFoundError: [Errno 2] No such file or directory: 'data/raw/movies.csv'
[2026-01-13T15:23:34.553+0000] {subprocess.py:97} INFO - Command exited with return code 1
[2026-01-13T15:23:34.581+0000] {taskinstance.py:2698} ERROR - Task failed with exception
Traceback (most recent call last):
  File "/home/airflow/.local/lib/python3.8/site-packages/airflow/models/taskinstance.py", line 433, in _execute_task
    result = execute_callable(context=context, **execute_callable_kwargs)
  File "/home/airflow/.local/lib/python3.8/site-packages/airflow/operators/bash.py", line 212, in execute
    raise AirflowException(
airflow.exceptions.AirflowException: Bash command failed. The command returned a non-zero exit code 1.
[2026-01-13T15:23:34.607+0000] {taskinstance.py:1138} INFO - Marking task as FAILED. dag_id=movielens_etl, task_id=load_to_db, execution_date=20260112T000000, start_date=20260113T152323, end_date=20260113T152334
[2026-01-13T15:23:34.688+0000] {standard_task_runner.py:107} ERROR - Failed to execute job 7 for task load_to_db (Bash command failed. The command returned a non-zero exit code 1.; 277)
[2026-01-13T15:23:34.728+0000] {local_task_job_runner.py:234} INFO - Task exited with return code 1
[2026-01-13T15:23:34.808+0000] {taskinstance.py:3280} INFO - 0 downstream tasks scheduled from follow-on schedule check
